<?xml version="1.0" encoding="UTF-8"?>
<!-- Generated by org.testng.reporters.JUnitReportReporter -->
<testsuite skipped="0" hostname="Advait" name="RestAPI.RestAssuredAPIFramework.tests.DynamicJson" tests="3" failures="0" timestamp="26 Apr 2019 13:15:26 GMT" time="1.452" errors="0">
  <testcase name="post" time="0.481" classname="RestAPI.RestAssuredAPIFramework.tests.DynamicJson"/>
  <testcase name="post" time="0.499" classname="RestAPI.RestAssuredAPIFramework.tests.DynamicJson"/>
  <testcase name="post" time="0.472" classname="RestAPI.RestAssuredAPIFramework.tests.DynamicJson"/>
</testsuite> <!-- RestAPI.RestAssuredAPIFramework.tests.DynamicJson -->
