<?xml version="1.0" encoding="UTF-8"?>
<!-- Generated by org.testng.reporters.JUnitReportReporter -->
<testsuite skipped="0" hostname="Advait" name="RestAPI.RestAssuredAPIFramework.tests.LoggingGetResponse" tests="1" failures="0" timestamp="26 Apr 2019 13:15:26 GMT" time="0.930" errors="0">
  <testcase name="test" time="0.930" classname="RestAPI.RestAssuredAPIFramework.tests.LoggingGetResponse"/>
</testsuite> <!-- RestAPI.RestAssuredAPIFramework.tests.LoggingGetResponse -->
