<?xml version="1.0" encoding="UTF-8"?>
<!-- Generated by org.testng.reporters.JUnitReportReporter -->
<testsuite skipped="0" hostname="Advait" name="RestAPI.RestAssuredAPIFramework.tests.Get" tests="1" failures="0" timestamp="26 Apr 2019 13:15:26 GMT" time="4.133" errors="0">
  <testcase name="test" time="4.133" classname="RestAPI.RestAssuredAPIFramework.tests.Get"/>
</testsuite> <!-- RestAPI.RestAssuredAPIFramework.tests.Get -->
