<?xml version="1.0" encoding="UTF-8"?>
<!-- Generated by org.testng.reporters.JUnitReportReporter -->
<testsuite skipped="0" hostname="Advait" name="RestAPI.RestAssuredAPIFramework.tests.JIRATest" tests="1" failures="0" timestamp="26 Apr 2019 13:15:26 GMT" time="64.915" errors="0">
  <testcase name="Jira" time="64.915" classname="RestAPI.RestAssuredAPIFramework.tests.JIRATest"/>
</testsuite> <!-- RestAPI.RestAssuredAPIFramework.tests.JIRATest -->
