<?xml version="1.0" encoding="UTF-8"?>
<!-- Generated by org.testng.reporters.JUnitReportReporter -->
<testsuite skipped="0" hostname="Advait" name="RestAPI.RestAssuredAPIFramework.tests.TraverseJsonArrays" tests="1" failures="0" timestamp="30 Apr 2019 16:54:48 GMT" time="1.435" errors="0">
  <testcase name="test" time="1.435" classname="RestAPI.RestAssuredAPIFramework.tests.TraverseJsonArrays"/>
</testsuite> <!-- RestAPI.RestAssuredAPIFramework.tests.TraverseJsonArrays -->
