<?xml version="1.0" encoding="UTF-8"?>
<!-- Generated by org.testng.reporters.JUnitReportReporter -->
<testsuite skipped="0" hostname="Advait" name="RestAPI.RestAssuredAPIFramework.tests.DynamicJson" tests="3" failures="0" timestamp="30 Apr 2019 16:54:48 GMT" time="0.536" errors="0">
  <testcase name="post" time="0.227" classname="RestAPI.RestAssuredAPIFramework.tests.DynamicJson"/>
  <testcase name="post" time="0.177" classname="RestAPI.RestAssuredAPIFramework.tests.DynamicJson"/>
  <testcase name="post" time="0.132" classname="RestAPI.RestAssuredAPIFramework.tests.DynamicJson"/>
</testsuite> <!-- RestAPI.RestAssuredAPIFramework.tests.DynamicJson -->
