<?xml version="1.0" encoding="UTF-8"?>
<!-- Generated by org.testng.reporters.JUnitReportReporter -->
<testsuite skipped="0" hostname="Advait" name="RestAPI.RestAssuredAPIFramework.tests.Get" tests="1" failures="0" timestamp="30 Apr 2019 16:54:48 GMT" time="5.229" errors="0">
  <testcase name="test" time="5.229" classname="RestAPI.RestAssuredAPIFramework.tests.Get"/>
</testsuite> <!-- RestAPI.RestAssuredAPIFramework.tests.Get -->
