<?xml version="1.0" encoding="UTF-8"?>
<!-- Generated by org.testng.reporters.JUnitReportReporter -->
<testsuite skipped="0" hostname="Advait" name="RestAPI.RestAssuredAPIFramework.tests.Post" tests="1" failures="0" timestamp="30 Apr 2019 16:54:48 GMT" time="0.112" errors="0">
  <testcase name="post" time="0.112" classname="RestAPI.RestAssuredAPIFramework.tests.Post"/>
</testsuite> <!-- RestAPI.RestAssuredAPIFramework.tests.Post -->
