<?xml version="1.0" encoding="UTF-8"?>
<!-- Generated by org.testng.reporters.JUnitReportReporter -->
<testsuite skipped="0" hostname="Advait" name="RestAPI.RestAssuredAPIFramework.tests.JIRATest" tests="1" failures="0" timestamp="30 Apr 2019 16:54:48 GMT" time="36.367" errors="0">
  <testcase name="Jira" time="36.367" classname="RestAPI.RestAssuredAPIFramework.tests.JIRATest"/>
</testsuite> <!-- RestAPI.RestAssuredAPIFramework.tests.JIRATest -->
